2025-10-02 16:09:52,725 [INFO] apscheduler.scheduler: Adding job tentatively -- it will be properly scheduled when the scheduler starts
2025-10-02 16:09:52,726 [INFO] apscheduler.scheduler: Adding job tentatively -- it will be properly scheduled when the scheduler starts
2025-10-02 16:09:52,727 [INFO] apscheduler.scheduler: Added job "ingest_resources_file" to job store "default"
2025-10-02 16:09:52,727 [INFO] apscheduler.scheduler: Added job "backup_vectordb" to job store "default"
2025-10-02 16:09:52,727 [INFO] apscheduler.scheduler: Scheduler started
2025-10-02 16:09:52,727 [INFO] apscheduler.executors.default: Running job "ingest_resources_file (trigger: interval[6:00:00], next run at: 2025-10-02 22:09:52 PDT)" (scheduled at 2025-10-02 16:09:52.725188-07:00)
2025-10-02 16:09:52,727 [INFO] kalki.automation: Background scheduler started.
2025-10-02 16:09:52,727 [INFO] apscheduler.executors.default: Running job "backup_vectordb (trigger: cron[hour='3', minute='0'], next run at: 2025-10-03 03:00:00 PDT)" (scheduled at 2025-10-02 16:09:52.725630-07:00)
2025-10-02 16:09:52,727 [INFO] apscheduler.executors.default: Job "ingest_resources_file (trigger: interval[6:00:00], next run at: 2025-10-02 22:09:52 PDT)" executed successfully
2025-10-02 16:09:52,729 [INFO] kalki.automation: Vector DB backup created at /Users/kashish/Desktop/Kalki/vector_db_backups/vector_db_backup_20251002T230952Z.zip
2025-10-02 16:09:52,729 [INFO] apscheduler.executors.default: Job "backup_vectordb (trigger: cron[hour='3', minute='0'], next run at: 2025-10-03 03:00:00 PDT)" executed successfully
2025-10-02 16:26:45,349 [INFO] apscheduler.scheduler: Adding job tentatively -- it will be properly scheduled when the scheduler starts
2025-10-02 16:26:45,351 [INFO] apscheduler.scheduler: Adding job tentatively -- it will be properly scheduled when the scheduler starts
2025-10-02 16:26:45,351 [INFO] apscheduler.scheduler: Added job "ingest_resources_file" to job store "default"
2025-10-02 16:26:45,351 [INFO] apscheduler.scheduler: Added job "backup_vectordb" to job store "default"
2025-10-02 16:26:45,351 [INFO] apscheduler.scheduler: Scheduler started
2025-10-02 16:26:45,351 [INFO] apscheduler.executors.default: Running job "ingest_resources_file (trigger: interval[6:00:00], next run at: 2025-10-02 22:26:45 PDT)" (scheduled at 2025-10-02 16:26:45.349544-07:00)
2025-10-02 16:26:45,351 [INFO] kalki.automation: Background scheduler started.
2025-10-02 16:26:45,351 [INFO] apscheduler.executors.default: Running job "backup_vectordb (trigger: cron[hour='3', minute='0'], next run at: 2025-10-03 03:00:00 PDT)" (scheduled at 2025-10-02 16:26:45.350017-07:00)
2025-10-02 16:26:45,352 [INFO] apscheduler.executors.default: Job "ingest_resources_file (trigger: interval[6:00:00], next run at: 2025-10-02 22:26:45 PDT)" executed successfully
2025-10-02 16:35:46,239 [INFO] apscheduler.scheduler: Adding job tentatively -- it will be properly scheduled when the scheduler starts
2025-10-02 16:35:46,240 [INFO] apscheduler.scheduler: Adding job tentatively -- it will be properly scheduled when the scheduler starts
2025-10-02 16:35:46,240 [INFO] apscheduler.scheduler: Added job "ingest_resources_file" to job store "default"
2025-10-02 16:35:46,240 [INFO] apscheduler.scheduler: Added job "backup_vectordb" to job store "default"
2025-10-02 16:35:46,240 [INFO] apscheduler.scheduler: Scheduler started
2025-10-02 16:35:46,240 [INFO] apscheduler.executors.default: Running job "ingest_resources_file (trigger: interval[6:00:00], next run at: 2025-10-02 22:35:46 PDT)" (scheduled at 2025-10-02 16:35:46.239729-07:00)
2025-10-02 16:35:46,241 [INFO] kalki.automation: Background scheduler started.
2025-10-02 16:35:46,241 [INFO] apscheduler.executors.default: Running job "backup_vectordb (trigger: cron[hour='3', minute='0'], next run at: 2025-10-03 03:00:00 PDT)" (scheduled at 2025-10-02 16:35:46.239932-07:00)
2025-10-02 16:35:46,241 [INFO] apscheduler.executors.default: Job "ingest_resources_file (trigger: interval[6:00:00], next run at: 2025-10-02 22:35:46 PDT)" executed successfully
2025-10-02 16:35:46,268 [INFO] kalki.automation: Vector DB backup created at /Users/kashish/Desktop/Kalki/vector_db_backups/vector_db_backup_20251002T233546Z.zip
2025-10-02 16:35:46,268 [INFO] apscheduler.executors.default: Job "backup_vectordb (trigger: cron[hour='3', minute='0'], next run at: 2025-10-03 03:00:00 PDT)" executed successfully
2025-10-02 17:56:57,299 [INFO] apscheduler.scheduler: Adding job tentatively -- it will be properly scheduled when the scheduler starts
2025-10-02 17:56:57,300 [INFO] apscheduler.scheduler: Adding job tentatively -- it will be properly scheduled when the scheduler starts
2025-10-02 17:56:57,300 [INFO] apscheduler.scheduler: Added job "ingest_resources_file" to job store "default"
2025-10-02 17:56:57,300 [INFO] apscheduler.scheduler: Added job "backup_vectordb" to job store "default"
2025-10-02 17:56:57,300 [INFO] apscheduler.scheduler: Scheduler started
2025-10-02 17:56:57,300 [INFO] apscheduler.executors.default: Running job "ingest_resources_file (trigger: interval[6:00:00], next run at: 2025-10-02 17:56:57 PDT)" (scheduled at 2025-10-02 17:56:57.299342-07:00)
2025-10-02 17:56:57,300 [INFO] kalki.automation: Background scheduler started.
2025-10-02 17:56:57,300 [INFO] apscheduler.executors.default: Running job "backup_vectordb (trigger: cron[hour='3', minute='0'], next run at: 2025-10-03 03:00:00 PDT)" (scheduled at 2025-10-02 17:56:57.299552-07:00)
2025-10-02 17:56:57,301 [INFO] apscheduler.executors.default: Job "ingest_resources_file (trigger: interval[6:00:00], next run at: 2025-10-02 23:56:57 PDT)" executed successfully
2025-10-02 17:56:57,327 [INFO] kalki.automation: Vector DB backup created at /Users/kashish/Desktop/Kalki/vector_db_backups/vector_db_backup_20251003T005657Z.zip
2025-10-02 17:56:57,327 [INFO] apscheduler.executors.default: Job "backup_vectordb (trigger: cron[hour='3', minute='0'], next run at: 2025-10-03 03:00:00 PDT)" executed successfully
2025-10-02 17:57:38,741 [INFO] apscheduler.scheduler: Adding job tentatively -- it will be properly scheduled when the scheduler starts
2025-10-02 17:57:38,742 [INFO] apscheduler.scheduler: Adding job tentatively -- it will be properly scheduled when the scheduler starts
2025-10-02 17:57:38,742 [INFO] apscheduler.scheduler: Added job "ingest_resources_file" to job store "default"
2025-10-02 17:57:38,742 [INFO] apscheduler.scheduler: Added job "backup_vectordb" to job store "default"
2025-10-02 17:57:38,742 [INFO] apscheduler.scheduler: Scheduler started
2025-10-02 17:57:38,742 [INFO] apscheduler.executors.default: Running job "ingest_resources_file (trigger: interval[6:00:00], next run at: 2025-10-02 17:57:38 PDT)" (scheduled at 2025-10-02 17:57:38.741426-07:00)
2025-10-02 17:57:38,742 [INFO] kalki.automation: Background scheduler started.
2025-10-02 17:57:38,742 [INFO] apscheduler.executors.default: Running job "backup_vectordb (trigger: cron[hour='3', minute='0'], next run at: 2025-10-03 03:00:00 PDT)" (scheduled at 2025-10-02 17:57:38.741638-07:00)
2025-10-02 17:57:38,743 [INFO] apscheduler.executors.default: Job "ingest_resources_file (trigger: interval[6:00:00], next run at: 2025-10-02 23:57:38 PDT)" executed successfully
2025-10-02 17:57:38,769 [INFO] kalki.automation: Vector DB backup created at /Users/kashish/Desktop/Kalki/vector_db_backups/vector_db_backup_20251003T005738Z.zip
2025-10-02 17:57:38,769 [INFO] apscheduler.executors.default: Job "backup_vectordb (trigger: cron[hour='3', minute='0'], next run at: 2025-10-03 03:00:00 PDT)" executed successfully
